<?xml version="1.0" encoding="UTF-8"?>
<!-- Generated by org.testng.reporters.JUnitXMLReporter -->
<testsuite hostname="DESKTOP-BTEHN8R" ignored="0" name="Command line test" tests="1" failures="1" timestamp="04 九月 2020 05:38:19 GMT" time="0.659" errors="0">
  <testcase name="getOrgInfoByIdTest" time="0.624" classname="jadinec.test.api.cases.GetTokenTest">
    <failure type="java.lang.AssertionError" message="expected [false] but found [true]">
      <![CDATA[java.lang.AssertionError: expected [false] but found [true]
	at jadinec.test.api.cases.GetTokenTest.getOrgInfoByIdTest(GetTokenTest.java:48)
	at jadinec.test.api.config.Entry.main(Entry.java:13)
... Removed 28 stack frames]]>
    </failure>
  </testcase> <!-- getOrgInfoByIdTest -->
</testsuite> <!-- Command line test -->
