<?xml version="1.0" encoding="UTF-8"?>
<testng-results skipped="0" failed="0" ignored="4" total="8" passed="4">
  <reporter-output>
  </reporter-output>
  <suite name="甲丁智慧建造云平台" duration-ms="1333" started-at="2020-09-07T09:47:28Z" finished-at="2020-09-07T09:47:29Z">
    <groups>
    </groups>
    <test name="APP接口测试" duration-ms="1333" started-at="2020-09-07T09:47:28Z" finished-at="2020-09-07T09:47:29Z">
      <class name="jadinec.test.api.cases.VerificationCodeLoginTest">
        <test-method status="PASS" signature="beforeTest()[pri:0, instance:jadinec.test.api.cases.VerificationCodeLoginTest@18be83e4]" name="beforeTest" is-config="true" duration-ms="26" started-at="2020-09-07T17:47:28Z" finished-at="2020-09-07T17:47:28Z">
          <reporter-output>
          </reporter-output>
        </test-method> <!-- beforeTest -->
      </class> <!-- jadinec.test.api.cases.VerificationCodeLoginTest -->
      <class name="jadinec.test.api.cases.GetAppUpdateTest">
        <test-method status="PASS" signature="getAppUpdateTest()[pri:0, instance:jadinec.test.api.cases.GetAppUpdateTest@cb5822]" name="getAppUpdateTest" duration-ms="594" started-at="2020-09-07T17:47:28Z" finished-at="2020-09-07T17:47:29Z">
          <reporter-output>
          </reporter-output>
        </test-method> <!-- getAppUpdateTest -->
      </class> <!-- jadinec.test.api.cases.GetAppUpdateTest -->
      <class name="jadinec.test.api.cases.GetUserTest">
        <test-method status="PASS" signature="getUserTest()[pri:0, instance:jadinec.test.api.cases.GetUserTest@4b9e13df]" name="getUserTest" duration-ms="115" started-at="2020-09-07T17:47:29Z" finished-at="2020-09-07T17:47:29Z">
          <reporter-output>
          </reporter-output>
        </test-method> <!-- getUserTest -->
      </class> <!-- jadinec.test.api.cases.GetUserTest -->
      <class name="jadinec.test.api.cases.AddUserToGroupTest">
        <test-method status="PASS" signature="addUserToGroupTest()[pri:0, instance:jadinec.test.api.cases.AddUserToGroupTest@2b98378d]" name="addUserToGroupTest" duration-ms="399" started-at="2020-09-07T17:47:29Z" finished-at="2020-09-07T17:47:29Z">
          <reporter-output>
          </reporter-output>
        </test-method> <!-- addUserToGroupTest -->
      </class> <!-- jadinec.test.api.cases.AddUserToGroupTest -->
      <class name="jadinec.test.api.cases.GetSigTest">
        <test-method status="PASS" signature="getSigTest()[pri:0, instance:jadinec.test.api.cases.GetSigTest@475530b9]" name="getSigTest" duration-ms="184" started-at="2020-09-07T17:47:29Z" finished-at="2020-09-07T17:47:29Z">
          <reporter-output>
          </reporter-output>
        </test-method> <!-- getSigTest -->
      </class> <!-- jadinec.test.api.cases.GetSigTest -->
    </test> <!-- APP接口测试 -->
  </suite> <!-- 甲丁智慧建造云平台 -->
</testng-results>
