<?xml version="1.0" encoding="UTF-8"?>
<!-- Generated by org.testng.reporters.JUnitXMLReporter -->
<testsuite hostname="DESKTOP-BTEHN8R" ignored="4" name="APP接口测试" tests="4" failures="0" timestamp="07 九月 2020 09:47:29 GMT" time="1.333" errors="0">
  <testcase name="getAppUpdateTest" time="0.594" classname="jadinec.test.api.cases.GetAppUpdateTest"/>
  <testcase name="getUserTest" time="0.115" classname="jadinec.test.api.cases.GetUserTest"/>
  <testcase name="addUserToGroupTest" time="0.399" classname="jadinec.test.api.cases.AddUserToGroupTest"/>
  <testcase name="getSigTest" time="0.184" classname="jadinec.test.api.cases.GetSigTest"/>
  <testcase name="getTokenTest" time="0.0" classname="jadinec.test.api.cases.GetTokenTest">
    <ignored/>
  </testcase> <!-- getTokenTest -->
  <testcase name="getEngineeringPlaneTest" time="0.0" classname="jadinec.test.api.cases.GetEngineeringPlaneTest">
    <ignored/>
  </testcase> <!-- getEngineeringPlaneTest -->
  <testcase name="verificationCodeLoginTest" time="0.0" classname="jadinec.test.api.cases.VerificationCodeLoginTest">
    <ignored/>
  </testcase> <!-- verificationCodeLoginTest -->
  <testcase name="getEngineeringItemPlaneTest" time="0.0" classname="jadinec.test.api.cases.GetEngineeringItemPlaneTest">
    <ignored/>
  </testcase> <!-- getEngineeringItemPlaneTest -->
</testsuite> <!-- APP接口测试 -->
